[debug] [2019-11-15T12:56:10.990Z] ----------------------------------------------------------------------
[debug] [2019-11-15T12:56:10.993Z] Command:       C:\Program Files\nodejs\node.exe C:\Users\Administrator\AppData\Roaming\npm\node_modules\firebase-tools\lib\bin\firebase.js init
[debug] [2019-11-15T12:56:10.994Z] CLI Version:   7.7.0
[debug] [2019-11-15T12:56:10.994Z] Platform:      win32
[debug] [2019-11-15T12:56:10.994Z] Node Version:  v8.11.3
[debug] [2019-11-15T12:56:10.994Z] Time:          Fri Nov 15 2019 18:26:10 GMT+0530 (India Standard Time)
[debug] [2019-11-15T12:56:10.994Z] ----------------------------------------------------------------------
[debug] [2019-11-15T12:56:10.994Z] 
[debug] [2019-11-15T12:56:11.003Z] > command requires scopes: ["email","openid","https://www.googleapis.com/auth/cloudplatformprojects.readonly","https://www.googleapis.com/auth/firebase","https://www.googleapis.com/auth/cloud-platform"]
[debug] [2019-11-15T12:56:11.003Z] > authorizing via signed-in user
[info] 
     ######## #### ########  ######## ########     ###     ######  ########
     ##        ##  ##     ## ##       ##     ##  ##   ##  ##       ##
     ######    ##  ########  ######   ########  #########  ######  ######
     ##        ##  ##    ##  ##       ##     ## ##     ##       ## ##
     ##       #### ##     ## ######## ########  ##     ##  ######  ########

You're about to initialize a Firebase project in this directory:

  E:\Raj\new-project

[info] 
=== Project Setup
[info] 
[info] First, let's associate this project directory with a Firebase project.
[info] You can create multiple project aliases by running firebase use --add, 
[info] but for now we'll just set up a default project.
[info] 
[info] i  If you want to create a project in a Google Cloud organization or folder, please use "firebase projects:create" instead, and return to this command when you've created the project.
[debug] [2019-11-15T12:56:42.229Z] >>> HTTP REQUEST POST https://cloudresourcemanager.googleapis.com/v1/projects  

[debug] [2019-11-15T12:56:44.642Z] <<< HTTP RESPONSE 409
[debug] [2019-11-15T12:56:44.643Z] <<< HTTP RESPONSE BODY
[debug] [2019-11-15T12:56:44.647Z] HTTP Error: 409, Requested entity already exists
[debug] [2019-11-15T12:56:45.261Z] FirebaseError: HTTP Error: 409, Requested entity already exists
    at module.exports (C:\Users\Administrator\AppData\Roaming\npm\node_modules\firebase-tools\lib\responseToError.js:38:12)
    at Request._callback (C:\Users\Administrator\AppData\Roaming\npm\node_modules\firebase-tools\lib\api.js:39:35)
    at Request.self.callback (C:\Users\Administrator\AppData\Roaming\npm\node_modules\firebase-tools\node_modules\request\request.js:185:22)
    at emitTwo (events.js:126:13)
    at Request.emit (events.js:214:7)
    at Request.<anonymous> (C:\Users\Administrator\AppData\Roaming\npm\node_modules\firebase-tools\node_modules\request\request.js:1161:10)
    at emitOne (events.js:116:13)
    at Request.emit (events.js:211:7)
    at IncomingMessage.<anonymous> (C:\Users\Administrator\AppData\Roaming\npm\node_modules\firebase-tools\node_modules\request\request.js:1083:12)
    at Object.onceWrapper (events.js:313:30)
[error] 
[error] Error: Failed to create Google Cloud project. See firebase-debug.log for more info.
[debug] [2019-11-15T12:58:02.725Z] ----------------------------------------------------------------------
[debug] [2019-11-15T12:58:02.728Z] Command:       C:\Program Files\nodejs\node.exe C:\Users\Administrator\AppData\Roaming\npm\node_modules\firebase-tools\lib\bin\firebase.js init
[debug] [2019-11-15T12:58:02.729Z] CLI Version:   7.7.0
[debug] [2019-11-15T12:58:02.729Z] Platform:      win32
[debug] [2019-11-15T12:58:02.729Z] Node Version:  v8.11.3
[debug] [2019-11-15T12:58:02.729Z] Time:          Fri Nov 15 2019 18:28:02 GMT+0530 (India Standard Time)
[debug] [2019-11-15T12:58:02.729Z] ----------------------------------------------------------------------
[debug] [2019-11-15T12:58:02.729Z] 
[debug] [2019-11-15T12:58:02.738Z] > command requires scopes: ["email","openid","https://www.googleapis.com/auth/cloudplatformprojects.readonly","https://www.googleapis.com/auth/firebase","https://www.googleapis.com/auth/cloud-platform"]
[debug] [2019-11-15T12:58:02.738Z] > authorizing via signed-in user
[info] 
     ######## #### ########  ######## ########     ###     ######  ########
     ##        ##  ##     ## ##       ##     ##  ##   ##  ##       ##
     ######    ##  ########  ######   ########  #########  ######  ######
     ##        ##  ##    ##  ##       ##     ## ##     ##       ## ##
     ##       #### ##     ## ######## ########  ##     ##  ######  ########

You're about to initialize a Firebase project in this directory:

  E:\Raj\new-project

[info] 
=== Project Setup
[info] 
[info] First, let's associate this project directory with a Firebase project.
[info] You can create multiple project aliases by running firebase use --add, 
[info] but for now we'll just set up a default project.
[info] 
[debug] [2019-11-15T12:58:42.137Z] >>> HTTP REQUEST GET https://firebase.googleapis.com/v1beta1/projects?pageSize=100  
 
[debug] [2019-11-15T12:58:44.109Z] <<< HTTP RESPONSE 200
[info] i  Using project movieapp-a6933 (movieApp)
[debug] [2019-11-15T12:58:49.506Z] Error: EBUSY: resource busy or locked, rename 'C:\Users\Administrator\.config\configstore\firebase-tools.json.4262901124' -> 'C:\Users\Administrator\.config\configstore\firebase-tools.json'
    at Object.fs.renameSync (fs.js:766:18)
    at Function.writeFileSync [as sync] (C:\Users\Administrator\AppData\Roaming\npm\node_modules\firebase-tools\node_modules\write-file-atomic\index.js:124:8)
    at Configstore.set (C:\Users\Administrator\AppData\Roaming\npm\node_modules\firebase-tools\node_modules\configstore\index.js:62:21)
    at Configstore.set (C:\Users\Administrator\AppData\Roaming\npm\node_modules\firebase-tools\node_modules\configstore\index.js:93:11)
    at Object.makeActiveProject (C:\Users\Administrator\AppData\Roaming\npm\node_modules\firebase-tools\lib\utils.js:114:17)
    at Object.<anonymous> (C:\Users\Administrator\AppData\Roaming\npm\node_modules\firebase-tools\lib\init\features\project.js:102:15)
    at Generator.next (<anonymous>)
    at fulfilled (C:\Users\Administrator\AppData\Roaming\npm\node_modules\firebase-tools\lib\init\features\project.js:4:58)
    at <anonymous>
    at process._tickDomainCallback (internal/process/next_tick.js:228:7)
[error] 
[error] Error: An unexpected error has occurred.
